<?xml version="1.0" encoding="UTF-8"?><testsuite errors="0" failures="0" name="Search a pet by different filters" skipped="0" tests="10" time="7.36" timestamp="2019-11-08 10:16:53"><testcase name="Search for a pet by id SUCCESSFULLY"/><testcase name="Search for a pet by id UNSUCCESSFULLY, a pet id that doesn't exits in data base, throw a 404 error (not found)"/><testcase name="Search for many pets by different status SUCCESSFULLY (available,pending, sold)"/><testcase name="Search for pets by status that doesn't exist, the code response is 200 but the response content is empty &quot;[]&quot;"/></testsuite>