<?xml version="1.0" encoding="UTF-8"?><testsuite errors="0" failures="0" name="Search a pet by different filters" skipped="0" tests="10" time="5.45" timestamp="2019-11-07 10:50:41"><testcase name="Search for a pet by id SUCCESSFULLY"/><testcase name="Search for a pet by id UNSUCCESSFULLY, a pet id that doesn't exits in data base, throw a 404 error (not found)"/><testcase name="Search for many pets by different status SUCCESSFULLY (available,pending, sold)"/><testcase name="Search for pets by different status that don't exist"/></testsuite>